Building DAG of jobs...
Using shell: /usr/bin/bash
Provided cores: 4
Rules claiming more threads will be scaled down.
Job stats:
job            count    min threads    max threads
-----------  -------  -------------  -------------
all                1              1              1
run_hmmscan        3              1              1
total              4              1              1

Select jobs to execute...

[Fri Jul 15 17:59:16 2022]
rule run_hmmscan:
    input: ../data/Orthogroup_Sequences_test/OG0000000.fa
    output: ../results/hmmscan/OG0000000
    jobid: 3
    wildcards: og=OG0000000
    resources: tmpdir=/tmp


[Fri Jul 15 17:59:16 2022]
rule run_hmmscan:
    input: ../data/Orthogroup_Sequences_test/OG0000001.fa
    output: ../results/hmmscan/OG0000001
    jobid: 1
    wildcards: og=OG0000001
    resources: tmpdir=/tmp


[Fri Jul 15 17:59:16 2022]
rule run_hmmscan:
    input: ../data/Orthogroup_Sequences_test/OG0000002.fa
    output: ../results/hmmscan/OG0000002
    jobid: 2
    wildcards: og=OG0000002
    resources: tmpdir=/tmp

[Fri Jul 15 18:18:37 2022]
Finished job 2.
1 of 4 steps (25%) done
[Fri Jul 15 18:19:47 2022]
Finished job 1.
2 of 4 steps (50%) done
[Fri Jul 15 18:25:48 2022]
Finished job 3.
3 of 4 steps (75%) done
Select jobs to execute...

[Fri Jul 15 18:25:48 2022]
localrule all:
    input: ../results/hmmscan/OG0000001, ../results/hmmscan/OG0000002, ../results/hmmscan/OG0000000
    jobid: 0
    resources: tmpdir=/tmp

[Fri Jul 15 18:25:48 2022]
Finished job 0.
4 of 4 steps (100%) done
Complete log: /home/boognish/Desktop/snakemake_hmmscan/workflow/.snakemake/log/2022-07-15T175916.503671.snakemake.log
