Building DAG of jobs...
Using shell: /usr/bin/bash
Provided cores: 4
Rules claiming more threads will be scaled down.
Job stats:
job            count    min threads    max threads
-----------  -------  -------------  -------------
all                1              1              1
run_hmmscan        3              1              1
total              4              1              1

Select jobs to execute...

[Fri Jul 15 17:59:01 2022]
rule run_hmmscan:
    input: ../data/Orthogroup_Sequences_test/OG0000000.fa
    output: ../results/hmmscan/OG0000000
    jobid: 3
    wildcards: og=OG0000000
    resources: tmpdir=/tmp


[Fri Jul 15 17:59:01 2022]
rule run_hmmscan:
    input: ../data/Orthogroup_Sequences_test/OG0000001.fa
    output: ../results/hmmscan/OG0000001
    jobid: 1
    wildcards: og=OG0000001
    resources: tmpdir=/tmp


[Fri Jul 15 17:59:01 2022]
rule run_hmmscan:
    input: ../data/Orthogroup_Sequences_test/OG0000002.fa
    output: ../results/hmmscan/OG0000002
    jobid: 2
    wildcards: og=OG0000002
    resources: tmpdir=/tmp
[Fri Jul 15 17:59:01 2022]
Error in rule run_hmmscan:
    jobid: 3
    output: ../results/hmmscan/OG0000000
    shell:
        hmmscan -o ../results/hmmscan/OG0000000 --cut_ga ../data/pfam_hmm_lib/Pfam-A ../data/Orthogroup_Sequences_test/OG0000000.fa
        (one of the commands exited with non-zero exit code; note that snakemake uses bash strict mode!)


[Fri Jul 15 17:59:01 2022]
Error in rule run_hmmscan:
    jobid: 1
    output: ../results/hmmscan/OG0000001
    shell:
        hmmscan -o ../results/hmmscan/OG0000001 --cut_ga ../data/pfam_hmm_lib/Pfam-A ../data/Orthogroup_Sequences_test/OG0000001.fa
        (one of the commands exited with non-zero exit code; note that snakemake uses bash strict mode!)

[Fri Jul 15 17:59:01 2022]
Error in rule run_hmmscan:
    jobid: 2
    output: ../results/hmmscan/OG0000002
    shell:
        hmmscan -o ../results/hmmscan/OG0000002 --cut_ga ../data/pfam_hmm_lib/Pfam-A ../data/Orthogroup_Sequences_test/OG0000002.fa
        (one of the commands exited with non-zero exit code; note that snakemake uses bash strict mode!)

Shutting down, this might take some time.
Exiting because a job execution failed. Look above for error message
Complete log: /home/boognish/Desktop/snakemake_hmmscan/workflow/.snakemake/log/2022-07-15T175900.541690.snakemake.log
